<?xml version="1.0" encoding="UTF-8"?>
<TestRun id="66f5bf4e-14c7-4bae-ab37-acc765d6caea" name="User@IRONWOOD1 2012-12-11 04:52:24" runUser="IRONWOOD1\User" xmlns="http://microsoft.com/schemas/VisualStudio/TeamTest/2010">
  <TestSettings name="Local" id="542c045b-5071-489c-8f4b-e4b518f6018f">
    <Description>These are default test settings for a local test run.</Description>
    <Execution>
      <TestTypeSpecific />
      <AgentRule name="Execution Agents">
      </AgentRule>
    </Execution>
    <Deployment runDeploymentRoot="User_IRONWOOD1 2012-12-11 04_52_24" />
  </TestSettings>
  <Times creation="2012-12-11T04:52:24.7537578-08:00" queuing="2012-12-11T04:52:40.3943828-08:00" start="2012-12-11T04:52:41.5603984-08:00" finish="2012-12-11T04:52:59.2937968-08:00" />
  <ResultSummary outcome="Completed">
    <Counters total="1" executed="1" passed="1" error="0" failed="0" timeout="0" aborted="0" inconclusive="0" passedButRunAborted="0" notRunnable="0" notExecuted="0" disconnected="0" warning="0" completed="0" inProgress="0" pending="0" />
  </ResultSummary>
  <TestDefinitions>
    <WebTest name="WebTest2" storage="c:\users\user\desktop\devcampsloadtesting\testproject1\webtest2.webtest" id="2332fc27-97de-4852-aa07-86fe62a815d3" persistedWebTest="77u/PD94bWwgdmVyc2lvbj0iMS4wIiBlbmNvZGluZz0iVVRGLTgiIHN0YW5kYWxvbmU9InllcyI/Pg0KPFdlYlRlc3QgTmFtZT0iV2ViVGVzdDIiIElkPSIyMzMyZmMyNy05N2RlLTQ4NTItYWEwNy04NmZlNjJhODE1ZDMiIE93bmVyPSIiIFByaW9yaXR5PSIyMTQ3NDgzNjQ3IiBFbmFibGVkPSJUcnVlIiBDc3NQcm9qZWN0U3RydWN0dXJlPSIiIENzc0l0ZXJhdGlvbj0iIiBUaW1lb3V0PSIwIiBXb3JrSXRlbUlkcz0iIiB4bWxucz0iaHR0cDovL21pY3Jvc29mdC5jb20vc2NoZW1hcy9WaXN1YWxTdHVkaW8vVGVhbVRlc3QvMjAxMCIgRGVzY3JpcHRpb249IiIgQ3JlZGVudGlhbFVzZXJOYW1lPSIiIENyZWRlbnRpYWxQYXNzd29yZD0iIiBQcmVBdXRoZW50aWNhdGU9IlRydWUiIFByb3h5PSIiIFN0b3BPbkVycm9yPSJGYWxzZSIgUmVjb3JkZWRSZXN1bHRGaWxlPSJXZWJUZXN0Mi42YTFmYWQzNy05NWI0LTQ0M2EtODkxZC1mYTlhYzJmZmZhYjEucmVjLndlYnRlc3RyZXN1bHQiPg0KICA8SXRlbXM+DQogICAgPFJlcXVlc3QgTWV0aG9kPSJHRVQiIFZlcnNpb249IjEuMSIgVXJsPSJodHRwOi8vZGV2Y2FtcHMtcWEuYXp1cmV3ZWJzaXRlcy5uZXQvIiBUaGlua1RpbWU9IjgiIFRpbWVvdXQ9IjMwMCIgUGFyc2VEZXBlbmRlbnRSZXF1ZXN0cz0iVHJ1ZSIgRm9sbG93UmVkaXJlY3RzPSJUcnVlIiBSZWNvcmRSZXN1bHQ9IlRydWUiIENhY2hlPSJGYWxzZSIgUmVzcG9uc2VUaW1lR29hbD0iMCIgRW5jb2Rpbmc9InV0Zi04IiBFeHBlY3RlZEh0dHBTdGF0dXNDb2RlPSIwIiBFeHBlY3RlZFJlc3BvbnNlVXJsPSIiIFJlcG9ydGluZ05hbWU9IiI+DQogICAgICA8RGVwZW5kZW50UmVxdWVzdHM+DQogICAgICAgIDxSZXF1ZXN0IE1ldGhvZD0iR0VUIiBWZXJzaW9uPSIxLjEiIFVybD0iaHR0cDovL3VzZS50eXBla2l0LmNvbS9jL2JiZTUwZC9wcmVudG9uLWNvbmRlbnNlZDpuMzpuNDpuNTpuNzpuOS5RdDM6RjoxLFF0NDpGOjEsUXQ1OkY6MSxRdDY6RjoxLFF0NzpGOjEvZCIgVGhpbmtUaW1lPSIyNiIgVGltZW91dD0iMzAwIiBQYXJzZURlcGVuZGVudFJlcXVlc3RzPSJUcnVlIiBGb2xsb3dSZWRpcmVjdHM9IlRydWUiIFJlY29yZFJlc3VsdD0iVHJ1ZSIgQ2FjaGU9IkZhbHNlIiBSZXNwb25zZVRpbWVHb2FsPSIwIiBFbmNvZGluZz0idXRmLTgiIEV4cGVjdGVkSHR0cFN0YXR1c0NvZGU9IjAiIEV4cGVjdGVkUmVzcG9uc2VVcmw9IiIgUmVwb3J0aW5nTmFtZT0iIj4NCiAgICAgICAgICA8UXVlcnlTdHJpbmdQYXJhbWV0ZXJzPg0KICAgICAgICAgICAgPFF1ZXJ5U3RyaW5nUGFyYW1ldGVyIE5hbWU9IiIgVmFsdWU9IjNiYjJhNmU1M2M5Njg0ZmZkYzlhOWJmMTFkNWIyYTYyOGYzNTgzZTE1YTdiOTE1MWZhOWYyNTAyOGNkNTVkOGU1MTM0OWQzMDhmZjViYWI1NWZkMTFmZDg2ZmJkY2U0ZTBmM2MzZjViOTU3OGMzMmM2YjgzNjEzZWYzMWM4Mzg0Yjc5MDQ5YTBmNWVmMzA1YTczODQxMjUxMDUzOTFkYzIxMjQ2YmRlZWY3NzgxZGMyOTU5ODFjMGFiNDI4MTE1YTUxNmVmOGQ3ZWQ0NjBhMjBkYjQ5MmI1Y2Q2ZDBlYzU4YWQ0OTMxYWI2MjFhMjc1MDg0ZmQ3YWIzOTE0ZTIxYThjMDc5NjUxNDEzOTUyNWE4MWRkZDU2MmM2NzY1NWYwMzhmZGRjMzA3MDFlNmRmZmY4NzI1NDk2N2Q3YmE2NzRhNjczNThkMzdiZjk5YWNjYjc0NTMzMmRhNTFlMGI0MmUwNSIgUmVjb3JkZWRWYWx1ZT0iM2JiMmE2ZTUzYzk2ODRmZmRjOWE5YmYxMWQ1YjJhNjI4ZjM1ODNlMTVhN2I5MTUxZmE5ZjI1MDI4Y2Q1NWQ4ZTUxMzQ5ZDMwOGZmNWJhYjU1ZmQxMWZkODZmYmRjZTRlMGYzYzNmNWI5NTc4YzMyYzZiODM2MTNlZjMxYzgzODRiNzkwNDlhMGY1ZWYzMDVhNzM4NDEyNTEwNTM5MWRjMjEyNDZiZGVlZjc3ODFkYzI5NTk4MWMwYWI0MjgxMTVhNTE2ZWY4ZDdlZDQ2MGEyMGRiNDkyYjVjZDZkMGVjNThhZDQ5MzFhYjYyMWEyNzUwODRmZDdhYjM5MTRlMjFhOGMwNzk2NTE0MTM5NTI1YTgxZGRkNTYyYzY3NjU1ZjAzOGZkZGMzMDcwMWU2ZGZmZjg3MjU0OTY3ZDdiYTY3NGE2NzM1OGQzN2JmOTlhY2NiNzQ1MzMyZGE1MWUwYjQyZTA1IiBDb3JyZWxhdGlvbkJpbmRpbmc9IiIgVXJsRW5jb2RlPSJGYWxzZSIgVXNlVG9Hcm91cFJlc3VsdHM9IkZhbHNlIiAvPg0KICAgICAgICAgIDwvUXVlcnlTdHJpbmdQYXJhbWV0ZXJzPg0KICAgICAgICA8L1JlcXVlc3Q+DQogICAgICA8L0RlcGVuZGVudFJlcXVlc3RzPg0KICAgIDwvUmVxdWVzdD4NCiAgICA8UmVxdWVzdCBNZXRob2Q9IkdFVCIgVmVyc2lvbj0iMS4xIiBVcmw9Imh0dHA6Ly9kZXZjYW1wcy1xYS5henVyZXdlYnNpdGVzLm5ldC93aW5kb3dzIiBUaGlua1RpbWU9IjAiIFRpbWVvdXQ9IjMwMCIgUGFyc2VEZXBlbmRlbnRSZXF1ZXN0cz0iVHJ1ZSIgRm9sbG93UmVkaXJlY3RzPSJUcnVlIiBSZWNvcmRSZXN1bHQ9IlRydWUiIENhY2hlPSJGYWxzZSIgUmVzcG9uc2VUaW1lR29hbD0iMCIgRW5jb2Rpbmc9InV0Zi04IiBFeHBlY3RlZEh0dHBTdGF0dXNDb2RlPSIwIiBFeHBlY3RlZFJlc3BvbnNlVXJsPSIiIFJlcG9ydGluZ05hbWU9IiI+DQogICAgICA8RGVwZW5kZW50UmVxdWVzdHM+DQogICAgICAgIDxSZXF1ZXN0IE1ldGhvZD0iR0VUIiBWZXJzaW9uPSIxLjEiIFVybD0iaHR0cDovL3VzZS50eXBla2l0LmNvbS9jL2JiZTUwZC9wcmVudG9uLWNvbmRlbnNlZDpuMzpuNDpuNTpuNzpuOS5RdDM6RjoxLFF0NDpGOjEsUXQ1OkY6MSxRdDY6RjoxLFF0NzpGOjEvZCIgVGhpbmtUaW1lPSIxIiBUaW1lb3V0PSIzMDAiIFBhcnNlRGVwZW5kZW50UmVxdWVzdHM9IlRydWUiIEZvbGxvd1JlZGlyZWN0cz0iVHJ1ZSIgUmVjb3JkUmVzdWx0PSJUcnVlIiBDYWNoZT0iRmFsc2UiIFJlc3BvbnNlVGltZUdvYWw9IjAiIEVuY29kaW5nPSJ1dGYtOCIgRXhwZWN0ZWRIdHRwU3RhdHVzQ29kZT0iMCIgRXhwZWN0ZWRSZXNwb25zZVVybD0iIiBSZXBvcnRpbmdOYW1lPSIiPg0KICAgICAgICAgIDxRdWVyeVN0cmluZ1BhcmFtZXRlcnM+DQogICAgICAgICAgICA8UXVlcnlTdHJpbmdQYXJhbWV0ZXIgTmFtZT0iIiBWYWx1ZT0iM2JiMmE2ZTUzYzk2ODRmZmRjOWE5YmYxMWQ1YjJhNjI4ZjM1ODNlMTVhN2I5MTUxZmE5ZjI1MDI4Y2Q1NWQ4ZTUxMzQ5ZDMwOGZmNWJhYjU1ZmQxMWZkODZmYmRjZTRlMGYzYzNmNWI5NTc4YzMyYzZiODM2MTNlZjMxYzgzODRiNzkwNDlhMGY1ZWYzMDVhNzM4NDEyNTEwNTM5MWRjMjEyNDZiZGVlZjc3ODFkYzI5NTk4MWMwYWI0MjgxMTVhNTE2ZWY4ZDdlZDQ2MGEyMGRiNDkyYjVjZDZkMGVjNThhZDQ5MzFhYjYyMWEyNzUwODRmZDdhYjM5MTRlMjFhOGMwNzk2NTE0MTM5NTI1YTgxZGRkNTYyYzY3NjU1ZjAzOGZkZGMzMDcwMWU2ZGZmZjg3MjU0OTY3ZDdiYTY3NGE2NzM1OGQzN2JmOTlhY2NiNzQ1MzMyZGE1MWUwYjQyZTA1IiBSZWNvcmRlZFZhbHVlPSIzYmIyYTZlNTNjOTY4NGZmZGM5YTliZjExZDViMmE2MjhmMzU4M2UxNWE3YjkxNTFmYTlmMjUwMjhjZDU1ZDhlNTEzNDlkMzA4ZmY1YmFiNTVmZDExZmQ4NmZiZGNlNGUwZjNjM2Y1Yjk1NzhjMzJjNmI4MzYxM2VmMzFjODM4NGI3OTA0OWEwZjVlZjMwNWE3Mzg0MTI1MTA1MzkxZGMyMTI0NmJkZWVmNzc4MWRjMjk1OTgxYzBhYjQyODExNWE1MTZlZjhkN2VkNDYwYTIwZGI0OTJiNWNkNmQwZWM1OGFkNDkzMWFiNjIxYTI3NTA4NGZkN2FiMzkxNGUyMWE4YzA3OTY1MTQxMzk1MjVhODFkZGQ1NjJjNjc2NTVmMDM4ZmRkYzMwNzAxZTZkZmZmODcyNTQ5NjdkN2JhNjc0YTY3MzU4ZDM3YmY5OWFjY2I3NDUzMzJkYTUxZTBiNDJlMDUiIENvcnJlbGF0aW9uQmluZGluZz0iIiBVcmxFbmNvZGU9IkZhbHNlIiBVc2VUb0dyb3VwUmVzdWx0cz0iRmFsc2UiIC8+DQogICAgICAgICAgPC9RdWVyeVN0cmluZ1BhcmFtZXRlcnM+DQogICAgICAgIDwvUmVxdWVzdD4NCiAgICAgICAgPFJlcXVlc3QgTWV0aG9kPSJHRVQiIFZlcnNpb249IjEuMSIgVXJsPSJodHRwOi8vZGV2Y2FtcHMtcWEuYXp1cmV3ZWJzaXRlcy5uZXQvd2luZG93cy9HZXRTY2hlZHVsZSIgVGhpbmtUaW1lPSIwIiBUaW1lb3V0PSIzMDAiIFBhcnNlRGVwZW5kZW50UmVxdWVzdHM9IlRydWUiIEZvbGxvd1JlZGlyZWN0cz0iVHJ1ZSIgUmVjb3JkUmVzdWx0PSJUcnVlIiBDYWNoZT0iRmFsc2UiIFJlc3BvbnNlVGltZUdvYWw9IjAiIEVuY29kaW5nPSJ1dGYtOCIgRXhwZWN0ZWRIdHRwU3RhdHVzQ29kZT0iMCIgRXhwZWN0ZWRSZXNwb25zZVVybD0iIiBSZXBvcnRpbmdOYW1lPSIiPg0KICAgICAgICAgIDxRdWVyeVN0cmluZ1BhcmFtZXRlcnM+DQogICAgICAgICAgICA8UXVlcnlTdHJpbmdQYXJhbWV0ZXIgTmFtZT0iXyIgVmFsdWU9IjEzNTUyMzAzMDAxOTkiIFJlY29yZGVkVmFsdWU9IjEzNTUyMzAzMDAxOTkiIENvcnJlbGF0aW9uQmluZGluZz0iIiBVcmxFbmNvZGU9IkZhbHNlIiBVc2VUb0dyb3VwUmVzdWx0cz0iRmFsc2UiIC8+DQogICAgICAgICAgPC9RdWVyeVN0cmluZ1BhcmFtZXRlcnM+DQogICAgICAgIDwvUmVxdWVzdD4NCiAgICAgICAgPFJlcXVlc3QgTWV0aG9kPSJHRVQiIFZlcnNpb249IjEuMSIgVXJsPSJodHRwOi8vYXBpLnR3aXR0ZXIuY29tLzEvYWNjb3VudC9yYXRlX2xpbWl0X3N0YXR1cy5qc29uIiBUaGlua1RpbWU9IjAiIFRpbWVvdXQ9IjMwMCIgUGFyc2VEZXBlbmRlbnRSZXF1ZXN0cz0iVHJ1ZSIgRm9sbG93UmVkaXJlY3RzPSJUcnVlIiBSZWNvcmRSZXN1bHQ9IlRydWUiIENhY2hlPSJGYWxzZSIgUmVzcG9uc2VUaW1lR29hbD0iMCIgRW5jb2Rpbmc9InV0Zi04IiBFeHBlY3RlZEh0dHBTdGF0dXNDb2RlPSIwIiBFeHBlY3RlZFJlc3BvbnNlVXJsPSIiIFJlcG9ydGluZ05hbWU9IiI+DQogICAgICAgICAgPFF1ZXJ5U3RyaW5nUGFyYW1ldGVycz4NCiAgICAgICAgICAgIDxRdWVyeVN0cmluZ1BhcmFtZXRlciBOYW1lPSJjYWxsYmFjayIgVmFsdWU9ImpRdWVyeTE4MjAzMzUyMDE2Nzk1OTUzODA5XzEzNTUyMzAyOTkxNjEiIFJlY29yZGVkVmFsdWU9ImpRdWVyeTE4MjAzMzUyMDE2Nzk1OTUzODA5XzEzNTUyMzAyOTkxNjEiIENvcnJlbGF0aW9uQmluZGluZz0iIiBVcmxFbmNvZGU9IkZhbHNlIiBVc2VUb0dyb3VwUmVzdWx0cz0iRmFsc2UiIC8+DQogICAgICAgICAgPC9RdWVyeVN0cmluZ1BhcmFtZXRlcnM+DQogICAgICAgIDwvUmVxdWVzdD4NCiAgICAgICAgPFJlcXVlc3QgTWV0aG9kPSJHRVQiIFZlcnNpb249IjEuMSIgVXJsPSJodHRwOi8vc2VhcmNoLnR3aXR0ZXIuY29tL3NlYXJjaC5qc29uIiBUaGlua1RpbWU9IjAiIFRpbWVvdXQ9IjMwMCIgUGFyc2VEZXBlbmRlbnRSZXF1ZXN0cz0iVHJ1ZSIgRm9sbG93UmVkaXJlY3RzPSJUcnVlIiBSZWNvcmRSZXN1bHQ9IlRydWUiIENhY2hlPSJGYWxzZSIgUmVzcG9uc2VUaW1lR29hbD0iMCIgRW5jb2Rpbmc9InV0Zi04IiBFeHBlY3RlZEh0dHBTdGF0dXNDb2RlPSIwIiBFeHBlY3RlZFJlc3BvbnNlVXJsPSIiIFJlcG9ydGluZ05hbWU9IiI+DQogICAgICAgICAgPFF1ZXJ5U3RyaW5nUGFyYW1ldGVycz4NCiAgICAgICAgICAgIDxRdWVyeVN0cmluZ1BhcmFtZXRlciBOYW1lPSJxIiBWYWx1ZT0iJTIzd2luZG93czglMjN3aW44IiBSZWNvcmRlZFZhbHVlPSIlMjN3aW5kb3dzOCUyM3dpbjgiIENvcnJlbGF0aW9uQmluZGluZz0iIiBVcmxFbmNvZGU9IkZhbHNlIiBVc2VUb0dyb3VwUmVzdWx0cz0iRmFsc2UiIC8+DQogICAgICAgICAgICA8UXVlcnlTdHJpbmdQYXJhbWV0ZXIgTmFtZT0ibGFuZyIgVmFsdWU9ImVuIiBSZWNvcmRlZFZhbHVlPSJlbiIgQ29ycmVsYXRpb25CaW5kaW5nPSIiIFVybEVuY29kZT0iRmFsc2UiIFVzZVRvR3JvdXBSZXN1bHRzPSJGYWxzZSIgLz4NCiAgICAgICAgICAgIDxRdWVyeVN0cmluZ1BhcmFtZXRlciBOYW1lPSJycHAiIFZhbHVlPSIxMDAiIFJlY29yZGVkVmFsdWU9IjEwMCIgQ29ycmVsYXRpb25CaW5kaW5nPSIiIFVybEVuY29kZT0iRmFsc2UiIFVzZVRvR3JvdXBSZXN1bHRzPSJGYWxzZSIgLz4NCiAgICAgICAgICAgIDxRdWVyeVN0cmluZ1BhcmFtZXRlciBOYW1lPSJwYWdlIiBWYWx1ZT0iMSIgUmVjb3JkZWRWYWx1ZT0iMSIgQ29ycmVsYXRpb25CaW5kaW5nPSIiIFVybEVuY29kZT0iRmFsc2UiIFVzZVRvR3JvdXBSZXN1bHRzPSJGYWxzZSIgLz4NCiAgICAgICAgICAgIDxRdWVyeVN0cmluZ1BhcmFtZXRlciBOYW1lPSJjYWxsYmFjayIgVmFsdWU9ImpRdWVyeTE4MjAzMzUyMDE2Nzk1OTUzODA5XzEzNTUyMzAyOTkxNjEiIFJlY29yZGVkVmFsdWU9ImpRdWVyeTE4MjAzMzUyMDE2Nzk1OTUzODA5XzEzNTUyMzAyOTkxNjEiIENvcnJlbGF0aW9uQmluZGluZz0iIiBVcmxFbmNvZGU9IkZhbHNlIiBVc2VUb0dyb3VwUmVzdWx0cz0iRmFsc2UiIC8+DQogICAgICAgICAgPC9RdWVyeVN0cmluZ1BhcmFtZXRlcnM+DQogICAgICAgIDwvUmVxdWVzdD4NCiAgICAgIDwvRGVwZW5kZW50UmVxdWVzdHM+DQogICAgPC9SZXF1ZXN0Pg0KICA8L0l0ZW1zPg0KICA8VmFsaWRhdGlvblJ1bGVzPg0KICAgIDxWYWxpZGF0aW9uUnVsZSBDbGFzc25hbWU9Ik1pY3Jvc29mdC5WaXN1YWxTdHVkaW8uVGVzdFRvb2xzLldlYlRlc3RpbmcuUnVsZXMuVmFsaWRhdGVSZXNwb25zZVVybCwgTWljcm9zb2Z0LlZpc3VhbFN0dWRpby5RdWFsaXR5VG9vbHMuV2ViVGVzdEZyYW1ld29yaywgVmVyc2lvbj0xMC4wLjAuMCwgQ3VsdHVyZT1uZXV0cmFsLCBQdWJsaWNLZXlUb2tlbj1iMDNmNWY3ZjExZDUwYTNhIiBEaXNwbGF5TmFtZT0iUmVzcG9uc2UgVVJMIiBEZXNjcmlwdGlvbj0iVmFsaWRhdGVzIHRoYXQgdGhlIHJlc3BvbnNlIFVSTCBhZnRlciByZWRpcmVjdHMgYXJlIGZvbGxvd2VkIGlzIHRoZSBzYW1lIGFzIHRoZSByZWNvcmRlZCByZXNwb25zZSBVUkwuICBRdWVyeVN0cmluZyBwYXJhbWV0ZXJzIGFyZSBpZ25vcmVkLiIgTGV2ZWw9IkxvdyIgRXhlY3R1aW9uT3JkZXI9IkJlZm9yZURlcGVuZGVudHMiIC8+DQogICAgPFZhbGlkYXRpb25SdWxlIENsYXNzbmFtZT0iTWljcm9zb2Z0LlZpc3VhbFN0dWRpby5UZXN0VG9vbHMuV2ViVGVzdGluZy5SdWxlcy5WYWxpZGF0aW9uUnVsZVJlc3BvbnNlVGltZUdvYWwsIE1pY3Jvc29mdC5WaXN1YWxTdHVkaW8uUXVhbGl0eVRvb2xzLldlYlRlc3RGcmFtZXdvcmssIFZlcnNpb249MTAuMC4wLjAsIEN1bHR1cmU9bmV1dHJhbCwgUHVibGljS2V5VG9rZW49YjAzZjVmN2YxMWQ1MGEzYSIgRGlzcGxheU5hbWU9IlJlc3BvbnNlIFRpbWUgR29hbCIgRGVzY3JpcHRpb249IlZhbGlkYXRlcyB0aGF0IHRoZSByZXNwb25zZSB0aW1lIGZvciB0aGUgcmVxdWVzdCBpcyBsZXNzIHRoYW4gb3IgZXF1YWwgdG8gdGhlIHJlc3BvbnNlIHRpbWUgZ29hbCBhcyBzcGVjaWZpZWQgb24gdGhlIHJlcXVlc3QuICBSZXNwb25zZSB0aW1lIGdvYWxzIG9mIHplcm8gd2lsbCBiZSBpZ25vcmVkLiIgTGV2ZWw9IkxvdyIgRXhlY3R1aW9uT3JkZXI9IkFmdGVyRGVwZW5kZW50cyI+DQogICAgICA8UnVsZVBhcmFtZXRlcnM+DQogICAgICAgIDxSdWxlUGFyYW1ldGVyIE5hbWU9IlRvbGVyYW5jZSIgVmFsdWU9IjAiIC8+DQogICAgICA8L1J1bGVQYXJhbWV0ZXJzPg0KICAgIDwvVmFsaWRhdGlvblJ1bGU+DQogIDwvVmFsaWRhdGlvblJ1bGVzPg0KPC9XZWJUZXN0Pg==">
      <Execution id="0bd75043-a47a-41cd-8a73-e98656a3aad2" />
    </WebTest>
  </TestDefinitions>
  <TestLists>
    <TestList name="Results Not in a List" id="8c84fa94-04c1-424b-9868-57a2d4851a1d" />
    <TestList name="All Loaded Results" id="19431567-8539-422a-85d7-44ee4e166bda" />
  </TestLists>
  <TestEntries>
    <TestEntry isTransparent="false" testId="2332fc27-97de-4852-aa07-86fe62a815d3" executionId="0bd75043-a47a-41cd-8a73-e98656a3aad2" testListId="8c84fa94-04c1-424b-9868-57a2d4851a1d" />
  </TestEntries>
  <Results>
    <WebTestResult executionId="0bd75043-a47a-41cd-8a73-e98656a3aad2" testId="2332fc27-97de-4852-aa07-86fe62a815d3" testName="WebTest2" computerName="IRONWOOD1" duration="00:00:04.8172584" startTime="2012-12-11T04:52:42.0936015-08:00" endTime="2012-12-11T04:52:59.1014140-08:00" testType="4e7599fa-5ecb-43e9-a887-cd63cf72d207" outcome="Passed" testListId="8c84fa94-04c1-424b-9868-57a2d4851a1d" relativeResultsDirectory="0bd75043-a47a-41cd-8a73-e98656a3aad2">
      <ResultFiles>
        <ResultFile path="WebTest2.webtestResult" />
      </ResultFiles>
      <TestSettings name="Local" id="542c045b-5071-489c-8f4b-e4b518f6018f">
        <Description>These are default test settings for a local test run.</Description>
        <Execution>
          <TestTypeSpecific>
            <WebTestRunConfiguration testTypeId="4e7599fa-5ecb-43e9-a887-cd63cf72d207">
              <Browser name="Internet Explorer 7.0">
                <Headers>
                  <Header name="User-Agent" value="Mozilla/4.0 (compatible; MSIE 7.0; Windows NT 5.1)" />
                  <Header name="Accept" value="*/*" />
                  <Header name="Accept-Language" value="{{$IEAcceptLanguage}}" />
                  <Header name="Accept-Encoding" value="GZIP" />
                </Headers>
              </Browser>
            </WebTestRunConfiguration>
          </TestTypeSpecific>
          <AgentRule name="Execution Agents">
          </AgentRule>
        </Execution>
        <Deployment runDeploymentRoot="User_IRONWOOD1 2012-12-11 04_52_24" />
      </TestSettings>
      <WebTestResultFilePath>User_IRONWOOD1 2012-12-11 04_52_24\In\0bd75043-a47a-41cd-8a73-e98656a3aad2\WebTest2.webtestResult</WebTestResultFilePath>
    </WebTestResult>
  </Results>
</TestRun>