<?xml version="1.0" encoding="UTF-8"?>
<TestRun id="99ba6ae6-5b25-4588-8894-dfefbc8c8fcd" name="User@IRONWOOD1 2012-12-11 04:56:25" runUser="IRONWOOD1\User" xmlns="http://microsoft.com/schemas/VisualStudio/TeamTest/2010">
  <TestSettings name="Local" id="542c045b-5071-489c-8f4b-e4b518f6018f">
    <Description>These are default test settings for a local test run.</Description>
    <Execution>
      <TestTypeSpecific />
      <AgentRule name="Execution Agents">
      </AgentRule>
    </Execution>
    <Deployment runDeploymentRoot="User_IRONWOOD1 2012-12-11 04_56_25" />
  </TestSettings>
  <Times creation="2012-12-11T04:56:25.9861796-08:00" queuing="2012-12-11T04:56:26.3191875-08:00" start="2012-12-11T04:56:26.6814921-08:00" finish="2012-12-11T04:56:40.9002421-08:00" />
  <ResultSummary outcome="Completed">
    <Counters total="1" executed="1" passed="1" error="0" failed="0" timeout="0" aborted="0" inconclusive="0" passedButRunAborted="0" notRunnable="0" notExecuted="0" disconnected="0" warning="0" completed="0" inProgress="0" pending="0" />
  </ResultSummary>
  <TestDefinitions>
    <WebTest name="WebTest5" storage="c:\users\user\desktop\devcampsloadtesting\testproject1\webtest5.webtest" id="f0df959b-aac5-48f1-913e-6f55a8f1cc92" persistedWebTest="77u/PD94bWwgdmVyc2lvbj0iMS4wIiBlbmNvZGluZz0iVVRGLTgiIHN0YW5kYWxvbmU9InllcyI/Pg0KPFdlYlRlc3QgTmFtZT0iV2ViVGVzdDUiIElkPSJmMGRmOTU5Yi1hYWM1LTQ4ZjEtOTEzZS02ZjU1YThmMWNjOTIiIE93bmVyPSIiIFByaW9yaXR5PSIyMTQ3NDgzNjQ3IiBFbmFibGVkPSJUcnVlIiBDc3NQcm9qZWN0U3RydWN0dXJlPSIiIENzc0l0ZXJhdGlvbj0iIiBUaW1lb3V0PSIwIiBXb3JrSXRlbUlkcz0iIiB4bWxucz0iaHR0cDovL21pY3Jvc29mdC5jb20vc2NoZW1hcy9WaXN1YWxTdHVkaW8vVGVhbVRlc3QvMjAxMCIgRGVzY3JpcHRpb249IiIgQ3JlZGVudGlhbFVzZXJOYW1lPSIiIENyZWRlbnRpYWxQYXNzd29yZD0iIiBQcmVBdXRoZW50aWNhdGU9IlRydWUiIFByb3h5PSIiIFN0b3BPbkVycm9yPSJGYWxzZSIgUmVjb3JkZWRSZXN1bHRGaWxlPSJXZWJUZXN0NS5mY2Q3OTdhMS1iYTYxLTRhNTYtOWIxMC0wNDMzNTM3MTFlYzEucmVjLndlYnRlc3RyZXN1bHQiPg0KICA8SXRlbXM+DQogICAgPFJlcXVlc3QgTWV0aG9kPSJHRVQiIFZlcnNpb249IjEuMSIgVXJsPSJodHRwOi8vZGV2Y2FtcHMtcWEuYXp1cmV3ZWJzaXRlcy5uZXQvIiBUaGlua1RpbWU9IjAiIFRpbWVvdXQ9IjMwMCIgUGFyc2VEZXBlbmRlbnRSZXF1ZXN0cz0iVHJ1ZSIgRm9sbG93UmVkaXJlY3RzPSJUcnVlIiBSZWNvcmRSZXN1bHQ9IlRydWUiIENhY2hlPSJGYWxzZSIgUmVzcG9uc2VUaW1lR29hbD0iMCIgRW5jb2Rpbmc9InV0Zi04IiBFeHBlY3RlZEh0dHBTdGF0dXNDb2RlPSIwIiBFeHBlY3RlZFJlc3BvbnNlVXJsPSIiIFJlcG9ydGluZ05hbWU9IiI+DQogICAgICA8RGVwZW5kZW50UmVxdWVzdHM+DQogICAgICAgIDxSZXF1ZXN0IE1ldGhvZD0iR0VUIiBWZXJzaW9uPSIxLjEiIFVybD0iaHR0cDovL3VzZS50eXBla2l0LmNvbS9jL2JiZTUwZC9wcmVudG9uLWNvbmRlbnNlZDpuMzpuNDpuNTpuNzpuOS5RdDM6RjoxLFF0NDpGOjEsUXQ1OkY6MSxRdDY6RjoxLFF0NzpGOjEvZCIgVGhpbmtUaW1lPSI2IiBUaW1lb3V0PSIzMDAiIFBhcnNlRGVwZW5kZW50UmVxdWVzdHM9IlRydWUiIEZvbGxvd1JlZGlyZWN0cz0iVHJ1ZSIgUmVjb3JkUmVzdWx0PSJUcnVlIiBDYWNoZT0iRmFsc2UiIFJlc3BvbnNlVGltZUdvYWw9IjAiIEVuY29kaW5nPSJ1dGYtOCIgRXhwZWN0ZWRIdHRwU3RhdHVzQ29kZT0iMCIgRXhwZWN0ZWRSZXNwb25zZVVybD0iIiBSZXBvcnRpbmdOYW1lPSIiPg0KICAgICAgICAgIDxRdWVyeVN0cmluZ1BhcmFtZXRlcnM+DQogICAgICAgICAgICA8UXVlcnlTdHJpbmdQYXJhbWV0ZXIgTmFtZT0iIiBWYWx1ZT0iM2JiMmE2ZTUzYzk2ODRmZmRjOWE5YmYxMWQ1YjJhNjI4ZjM1ODNlMTVhN2I5MTUxZmE5ZjI1MDI4Y2Q1NWQ4ZTUxMzQ5ZDMwOGZmNWJhYjU1ZmQxMWZkODZmYmRjZTRlMGYzYzNmNWI5NTc4YzMyYzZiODM2MTNlZjMxYzgzODRiNzkwNDlhMGY1ZWYzMDVhNzM4NDEyNTEwNTM5MWRjMjEyNDZiZGVlZjc3ODFkYzI5NTk4MWMwYWI0MjgxMTVhNTE2ZWY4ZDdlZDQ2MGEyMGRiNDkyYjVjZDZkMGVjNThhZDQ5MzFhYjYyMWEyNzUwODRmZDdhYjM5MTRlMjFhOGMwNzk2NTE0MTM5NTI1YTgxZGRkNTYyYzY3NjU1ZjAzOGZkZGMzMDcwMWU2ZGZmZjg3MjU0OTY3ZDdiYTY3NGE2NzM1OGQzN2JmOTlhY2NiNzQ1MzMyZGE1MWUwYjQyZTA1IiBSZWNvcmRlZFZhbHVlPSIzYmIyYTZlNTNjOTY4NGZmZGM5YTliZjExZDViMmE2MjhmMzU4M2UxNWE3YjkxNTFmYTlmMjUwMjhjZDU1ZDhlNTEzNDlkMzA4ZmY1YmFiNTVmZDExZmQ4NmZiZGNlNGUwZjNjM2Y1Yjk1NzhjMzJjNmI4MzYxM2VmMzFjODM4NGI3OTA0OWEwZjVlZjMwNWE3Mzg0MTI1MTA1MzkxZGMyMTI0NmJkZWVmNzc4MWRjMjk1OTgxYzBhYjQyODExNWE1MTZlZjhkN2VkNDYwYTIwZGI0OTJiNWNkNmQwZWM1OGFkNDkzMWFiNjIxYTI3NTA4NGZkN2FiMzkxNGUyMWE4YzA3OTY1MTQxMzk1MjVhODFkZGQ1NjJjNjc2NTVmMDM4ZmRkYzMwNzAxZTZkZmZmODcyNTQ5NjdkN2JhNjc0YTY3MzU4ZDM3YmY5OWFjY2I3NDUzMzJkYTUxZTBiNDJlMDUiIENvcnJlbGF0aW9uQmluZGluZz0iIiBVcmxFbmNvZGU9IkZhbHNlIiBVc2VUb0dyb3VwUmVzdWx0cz0iRmFsc2UiIC8+DQogICAgICAgICAgPC9RdWVyeVN0cmluZ1BhcmFtZXRlcnM+DQogICAgICAgIDwvUmVxdWVzdD4NCiAgICAgIDwvRGVwZW5kZW50UmVxdWVzdHM+DQogICAgPC9SZXF1ZXN0Pg0KICAgIDxSZXF1ZXN0IE1ldGhvZD0iR0VUIiBWZXJzaW9uPSIxLjEiIFVybD0iaHR0cDovL2RldmNhbXBzLXFhLmF6dXJld2Vic2l0ZXMubmV0L3dlYiIgVGhpbmtUaW1lPSIwIiBUaW1lb3V0PSIzMDAiIFBhcnNlRGVwZW5kZW50UmVxdWVzdHM9IlRydWUiIEZvbGxvd1JlZGlyZWN0cz0iVHJ1ZSIgUmVjb3JkUmVzdWx0PSJUcnVlIiBDYWNoZT0iRmFsc2UiIFJlc3BvbnNlVGltZUdvYWw9IjAiIEVuY29kaW5nPSJ1dGYtOCIgRXhwZWN0ZWRIdHRwU3RhdHVzQ29kZT0iMCIgRXhwZWN0ZWRSZXNwb25zZVVybD0iIiBSZXBvcnRpbmdOYW1lPSIiPg0KICAgICAgPERlcGVuZGVudFJlcXVlc3RzPg0KICAgICAgICA8UmVxdWVzdCBNZXRob2Q9IkdFVCIgVmVyc2lvbj0iMS4xIiBVcmw9Imh0dHA6Ly91c2UudHlwZWtpdC5jb20vYy9iYmU1MGQvcHJlbnRvbi1jb25kZW5zZWQ6bjM6bjQ6bjU6bjc6bjkuUXQzOkY6MSxRdDQ6RjoxLFF0NTpGOjEsUXQ2OkY6MSxRdDc6RjoxL2QiIFRoaW5rVGltZT0iMCIgVGltZW91dD0iMzAwIiBQYXJzZURlcGVuZGVudFJlcXVlc3RzPSJUcnVlIiBGb2xsb3dSZWRpcmVjdHM9IlRydWUiIFJlY29yZFJlc3VsdD0iVHJ1ZSIgQ2FjaGU9IkZhbHNlIiBSZXNwb25zZVRpbWVHb2FsPSIwIiBFbmNvZGluZz0idXRmLTgiIEV4cGVjdGVkSHR0cFN0YXR1c0NvZGU9IjAiIEV4cGVjdGVkUmVzcG9uc2VVcmw9IiIgUmVwb3J0aW5nTmFtZT0iIj4NCiAgICAgICAgICA8UXVlcnlTdHJpbmdQYXJhbWV0ZXJzPg0KICAgICAgICAgICAgPFF1ZXJ5U3RyaW5nUGFyYW1ldGVyIE5hbWU9IiIgVmFsdWU9IjNiYjJhNmU1M2M5Njg0ZmZkYzlhOWJmMTFkNWIyYTYyOGYzNTgzZTE1YTdiOTE1MWZhOWYyNTAyOGNkNTVkOGU1MTM0OWQzMDhmZjViYWI1NWZkMTFmZDg2ZmJkY2U0ZTBmM2MzZjViOTU3OGMzMmM2YjgzNjEzZWYzMWM4Mzg0Yjc5MDQ5YTBmNWVmMzA1YTczODQxMjUxMDUzOTFkYzIxMjQ2YmRlZWY3NzgxZGMyOTU5ODFjMGFiNDI4MTE1YTUxNmVmOGQ3ZWQ0NjBhMjBkYjQ5MmI1Y2Q2ZDBlYzU4YWQ0OTMxYWI2MjFhMjc1MDg0ZmQ3YWIzOTE0ZTIxYThjMDc5NjUxNDEzOTUyNWE4MWRkZDU2MmM2NzY1NWYwMzhmZGRjMzA3MDFlNmRmZmY4NzI1NDk2N2Q3YmE2NzRhNjczNThkMzdiZjk5YWNjYjc0NTMzMmRhNTFlMGI0MmUwNSIgUmVjb3JkZWRWYWx1ZT0iM2JiMmE2ZTUzYzk2ODRmZmRjOWE5YmYxMWQ1YjJhNjI4ZjM1ODNlMTVhN2I5MTUxZmE5ZjI1MDI4Y2Q1NWQ4ZTUxMzQ5ZDMwOGZmNWJhYjU1ZmQxMWZkODZmYmRjZTRlMGYzYzNmNWI5NTc4YzMyYzZiODM2MTNlZjMxYzgzODRiNzkwNDlhMGY1ZWYzMDVhNzM4NDEyNTEwNTM5MWRjMjEyNDZiZGVlZjc3ODFkYzI5NTk4MWMwYWI0MjgxMTVhNTE2ZWY4ZDdlZDQ2MGEyMGRiNDkyYjVjZDZkMGVjNThhZDQ5MzFhYjYyMWEyNzUwODRmZDdhYjM5MTRlMjFhOGMwNzk2NTE0MTM5NTI1YTgxZGRkNTYyYzY3NjU1ZjAzOGZkZGMzMDcwMWU2ZGZmZjg3MjU0OTY3ZDdiYTY3NGE2NzM1OGQzN2JmOTlhY2NiNzQ1MzMyZGE1MWUwYjQyZTA1IiBDb3JyZWxhdGlvbkJpbmRpbmc9IiIgVXJsRW5jb2RlPSJGYWxzZSIgVXNlVG9Hcm91cFJlc3VsdHM9IkZhbHNlIiAvPg0KICAgICAgICAgIDwvUXVlcnlTdHJpbmdQYXJhbWV0ZXJzPg0KICAgICAgICA8L1JlcXVlc3Q+DQogICAgICAgIDxSZXF1ZXN0IE1ldGhvZD0iR0VUIiBWZXJzaW9uPSIxLjEiIFVybD0iaHR0cDovL2RldmNhbXBzLXFhLmF6dXJld2Vic2l0ZXMubmV0L3dlYi9HZXRTY2hlZHVsZSIgVGhpbmtUaW1lPSIwIiBUaW1lb3V0PSIzMDAiIFBhcnNlRGVwZW5kZW50UmVxdWVzdHM9IlRydWUiIEZvbGxvd1JlZGlyZWN0cz0iVHJ1ZSIgUmVjb3JkUmVzdWx0PSJUcnVlIiBDYWNoZT0iRmFsc2UiIFJlc3BvbnNlVGltZUdvYWw9IjAiIEVuY29kaW5nPSJ1dGYtOCIgRXhwZWN0ZWRIdHRwU3RhdHVzQ29kZT0iMCIgRXhwZWN0ZWRSZXNwb25zZVVybD0iIiBSZXBvcnRpbmdOYW1lPSIiPg0KICAgICAgICAgIDxRdWVyeVN0cmluZ1BhcmFtZXRlcnM+DQogICAgICAgICAgICA8UXVlcnlTdHJpbmdQYXJhbWV0ZXIgTmFtZT0iXyIgVmFsdWU9IjEzNTUyMzA1Nzg5ODAiIFJlY29yZGVkVmFsdWU9IjEzNTUyMzA1Nzg5ODAiIENvcnJlbGF0aW9uQmluZGluZz0iIiBVcmxFbmNvZGU9IkZhbHNlIiBVc2VUb0dyb3VwUmVzdWx0cz0iRmFsc2UiIC8+DQogICAgICAgICAgPC9RdWVyeVN0cmluZ1BhcmFtZXRlcnM+DQogICAgICAgIDwvUmVxdWVzdD4NCiAgICAgICAgPFJlcXVlc3QgTWV0aG9kPSJHRVQiIFZlcnNpb249IjEuMSIgVXJsPSJodHRwOi8vYXBpLnR3aXR0ZXIuY29tLzEvYWNjb3VudC9yYXRlX2xpbWl0X3N0YXR1cy5qc29uIiBUaGlua1RpbWU9IjAiIFRpbWVvdXQ9IjMwMCIgUGFyc2VEZXBlbmRlbnRSZXF1ZXN0cz0iVHJ1ZSIgRm9sbG93UmVkaXJlY3RzPSJUcnVlIiBSZWNvcmRSZXN1bHQ9IlRydWUiIENhY2hlPSJGYWxzZSIgUmVzcG9uc2VUaW1lR29hbD0iMCIgRW5jb2Rpbmc9InV0Zi04IiBFeHBlY3RlZEh0dHBTdGF0dXNDb2RlPSIwIiBFeHBlY3RlZFJlc3BvbnNlVXJsPSIiIFJlcG9ydGluZ05hbWU9IiI+DQogICAgICAgICAgPFF1ZXJ5U3RyaW5nUGFyYW1ldGVycz4NCiAgICAgICAgICAgIDxRdWVyeVN0cmluZ1BhcmFtZXRlciBOYW1lPSJjYWxsYmFjayIgVmFsdWU9ImpRdWVyeTE4MjA0Nzc4NTI4Mzg0NDMwNjY3XzEzNTUyMzA1Nzg5MTciIFJlY29yZGVkVmFsdWU9ImpRdWVyeTE4MjA0Nzc4NTI4Mzg0NDMwNjY3XzEzNTUyMzA1Nzg5MTciIENvcnJlbGF0aW9uQmluZGluZz0iIiBVcmxFbmNvZGU9IkZhbHNlIiBVc2VUb0dyb3VwUmVzdWx0cz0iRmFsc2UiIC8+DQogICAgICAgICAgPC9RdWVyeVN0cmluZ1BhcmFtZXRlcnM+DQogICAgICAgIDwvUmVxdWVzdD4NCiAgICAgICAgPFJlcXVlc3QgTWV0aG9kPSJHRVQiIFZlcnNpb249IjEuMSIgVXJsPSJodHRwOi8vc2VhcmNoLnR3aXR0ZXIuY29tL3NlYXJjaC5qc29uIiBUaGlua1RpbWU9IjAiIFRpbWVvdXQ9IjMwMCIgUGFyc2VEZXBlbmRlbnRSZXF1ZXN0cz0iVHJ1ZSIgRm9sbG93UmVkaXJlY3RzPSJUcnVlIiBSZWNvcmRSZXN1bHQ9IlRydWUiIENhY2hlPSJGYWxzZSIgUmVzcG9uc2VUaW1lR29hbD0iMCIgRW5jb2Rpbmc9InV0Zi04IiBFeHBlY3RlZEh0dHBTdGF0dXNDb2RlPSIwIiBFeHBlY3RlZFJlc3BvbnNlVXJsPSIiIFJlcG9ydGluZ05hbWU9IiI+DQogICAgICAgICAgPFF1ZXJ5U3RyaW5nUGFyYW1ldGVycz4NCiAgICAgICAgICAgIDxRdWVyeVN0cmluZ1BhcmFtZXRlciBOYW1lPSJxIiBWYWx1ZT0iJTIzSUU5JTIzSFRNTDUiIFJlY29yZGVkVmFsdWU9IiUyM0lFOSUyM0hUTUw1IiBDb3JyZWxhdGlvbkJpbmRpbmc9IiIgVXJsRW5jb2RlPSJGYWxzZSIgVXNlVG9Hcm91cFJlc3VsdHM9IkZhbHNlIiAvPg0KICAgICAgICAgICAgPFF1ZXJ5U3RyaW5nUGFyYW1ldGVyIE5hbWU9ImxhbmciIFZhbHVlPSJlbiIgUmVjb3JkZWRWYWx1ZT0iZW4iIENvcnJlbGF0aW9uQmluZGluZz0iIiBVcmxFbmNvZGU9IkZhbHNlIiBVc2VUb0dyb3VwUmVzdWx0cz0iRmFsc2UiIC8+DQogICAgICAgICAgICA8UXVlcnlTdHJpbmdQYXJhbWV0ZXIgTmFtZT0icnBwIiBWYWx1ZT0iMTAwIiBSZWNvcmRlZFZhbHVlPSIxMDAiIENvcnJlbGF0aW9uQmluZGluZz0iIiBVcmxFbmNvZGU9IkZhbHNlIiBVc2VUb0dyb3VwUmVzdWx0cz0iRmFsc2UiIC8+DQogICAgICAgICAgICA8UXVlcnlTdHJpbmdQYXJhbWV0ZXIgTmFtZT0icGFnZSIgVmFsdWU9IjEiIFJlY29yZGVkVmFsdWU9IjEiIENvcnJlbGF0aW9uQmluZGluZz0iIiBVcmxFbmNvZGU9IkZhbHNlIiBVc2VUb0dyb3VwUmVzdWx0cz0iRmFsc2UiIC8+DQogICAgICAgICAgICA8UXVlcnlTdHJpbmdQYXJhbWV0ZXIgTmFtZT0iY2FsbGJhY2siIFZhbHVlPSJqUXVlcnkxODIwNDc3ODUyODM4NDQzMDY2N18xMzU1MjMwNTc4OTE3IiBSZWNvcmRlZFZhbHVlPSJqUXVlcnkxODIwNDc3ODUyODM4NDQzMDY2N18xMzU1MjMwNTc4OTE3IiBDb3JyZWxhdGlvbkJpbmRpbmc9IiIgVXJsRW5jb2RlPSJGYWxzZSIgVXNlVG9Hcm91cFJlc3VsdHM9IkZhbHNlIiAvPg0KICAgICAgICAgIDwvUXVlcnlTdHJpbmdQYXJhbWV0ZXJzPg0KICAgICAgICA8L1JlcXVlc3Q+DQogICAgICA8L0RlcGVuZGVudFJlcXVlc3RzPg0KICAgIDwvUmVxdWVzdD4NCiAgPC9JdGVtcz4NCiAgPFZhbGlkYXRpb25SdWxlcz4NCiAgICA8VmFsaWRhdGlvblJ1bGUgQ2xhc3NuYW1lPSJNaWNyb3NvZnQuVmlzdWFsU3R1ZGlvLlRlc3RUb29scy5XZWJUZXN0aW5nLlJ1bGVzLlZhbGlkYXRlUmVzcG9uc2VVcmwsIE1pY3Jvc29mdC5WaXN1YWxTdHVkaW8uUXVhbGl0eVRvb2xzLldlYlRlc3RGcmFtZXdvcmssIFZlcnNpb249MTAuMC4wLjAsIEN1bHR1cmU9bmV1dHJhbCwgUHVibGljS2V5VG9rZW49YjAzZjVmN2YxMWQ1MGEzYSIgRGlzcGxheU5hbWU9IlJlc3BvbnNlIFVSTCIgRGVzY3JpcHRpb249IlZhbGlkYXRlcyB0aGF0IHRoZSByZXNwb25zZSBVUkwgYWZ0ZXIgcmVkaXJlY3RzIGFyZSBmb2xsb3dlZCBpcyB0aGUgc2FtZSBhcyB0aGUgcmVjb3JkZWQgcmVzcG9uc2UgVVJMLiAgUXVlcnlTdHJpbmcgcGFyYW1ldGVycyBhcmUgaWdub3JlZC4iIExldmVsPSJMb3ciIEV4ZWN0dWlvbk9yZGVyPSJCZWZvcmVEZXBlbmRlbnRzIiAvPg0KICAgIDxWYWxpZGF0aW9uUnVsZSBDbGFzc25hbWU9Ik1pY3Jvc29mdC5WaXN1YWxTdHVkaW8uVGVzdFRvb2xzLldlYlRlc3RpbmcuUnVsZXMuVmFsaWRhdGlvblJ1bGVSZXNwb25zZVRpbWVHb2FsLCBNaWNyb3NvZnQuVmlzdWFsU3R1ZGlvLlF1YWxpdHlUb29scy5XZWJUZXN0RnJhbWV3b3JrLCBWZXJzaW9uPTEwLjAuMC4wLCBDdWx0dXJlPW5ldXRyYWwsIFB1YmxpY0tleVRva2VuPWIwM2Y1ZjdmMTFkNTBhM2EiIERpc3BsYXlOYW1lPSJSZXNwb25zZSBUaW1lIEdvYWwiIERlc2NyaXB0aW9uPSJWYWxpZGF0ZXMgdGhhdCB0aGUgcmVzcG9uc2UgdGltZSBmb3IgdGhlIHJlcXVlc3QgaXMgbGVzcyB0aGFuIG9yIGVxdWFsIHRvIHRoZSByZXNwb25zZSB0aW1lIGdvYWwgYXMgc3BlY2lmaWVkIG9uIHRoZSByZXF1ZXN0LiAgUmVzcG9uc2UgdGltZSBnb2FscyBvZiB6ZXJvIHdpbGwgYmUgaWdub3JlZC4iIExldmVsPSJMb3ciIEV4ZWN0dWlvbk9yZGVyPSJBZnRlckRlcGVuZGVudHMiPg0KICAgICAgPFJ1bGVQYXJhbWV0ZXJzPg0KICAgICAgICA8UnVsZVBhcmFtZXRlciBOYW1lPSJUb2xlcmFuY2UiIFZhbHVlPSIwIiAvPg0KICAgICAgPC9SdWxlUGFyYW1ldGVycz4NCiAgICA8L1ZhbGlkYXRpb25SdWxlPg0KICA8L1ZhbGlkYXRpb25SdWxlcz4NCjwvV2ViVGVzdD4=">
      <Execution id="147aed77-ddec-4a89-a78c-9f00c24e612f" />
    </WebTest>
  </TestDefinitions>
  <TestLists>
    <TestList name="Results Not in a List" id="8c84fa94-04c1-424b-9868-57a2d4851a1d" />
    <TestList name="All Loaded Results" id="19431567-8539-422a-85d7-44ee4e166bda" />
  </TestLists>
  <TestEntries>
    <TestEntry isTransparent="false" testId="f0df959b-aac5-48f1-913e-6f55a8f1cc92" executionId="147aed77-ddec-4a89-a78c-9f00c24e612f" testListId="8c84fa94-04c1-424b-9868-57a2d4851a1d" />
  </TestEntries>
  <Results>
    <WebTestResult executionId="147aed77-ddec-4a89-a78c-9f00c24e612f" testId="f0df959b-aac5-48f1-913e-6f55a8f1cc92" testName="WebTest5" computerName="IRONWOOD1" duration="00:00:03.2776948" startTime="2012-12-11T04:56:26.7811015-08:00" endTime="2012-12-11T04:56:40.6873515-08:00" testType="4e7599fa-5ecb-43e9-a887-cd63cf72d207" outcome="Passed" testListId="8c84fa94-04c1-424b-9868-57a2d4851a1d" relativeResultsDirectory="147aed77-ddec-4a89-a78c-9f00c24e612f">
      <ResultFiles>
        <ResultFile path="WebTest5.webtestResult" />
      </ResultFiles>
      <TestSettings name="Local" id="542c045b-5071-489c-8f4b-e4b518f6018f">
        <Description>These are default test settings for a local test run.</Description>
        <Execution>
          <TestTypeSpecific>
            <WebTestRunConfiguration testTypeId="4e7599fa-5ecb-43e9-a887-cd63cf72d207">
              <Browser name="Internet Explorer 7.0">
                <Headers>
                  <Header name="User-Agent" value="Mozilla/4.0 (compatible; MSIE 7.0; Windows NT 5.1)" />
                  <Header name="Accept" value="*/*" />
                  <Header name="Accept-Language" value="{{$IEAcceptLanguage}}" />
                  <Header name="Accept-Encoding" value="GZIP" />
                </Headers>
              </Browser>
            </WebTestRunConfiguration>
          </TestTypeSpecific>
          <AgentRule name="Execution Agents">
          </AgentRule>
        </Execution>
        <Deployment runDeploymentRoot="User_IRONWOOD1 2012-12-11 04_56_25" />
      </TestSettings>
      <WebTestResultFilePath>User_IRONWOOD1 2012-12-11 04_56_25\In\147aed77-ddec-4a89-a78c-9f00c24e612f\WebTest5.webtestResult</WebTestResultFilePath>
    </WebTestResult>
  </Results>
</TestRun>